  OpenGL_4_Application_VS2015.cpp
C:\Users\Alex zis Sandu\Desktop\Pereanu - PROIECT PG\Forest PG\OpenGL_4_Application_VS2015\OpenGL_4_Application_VS2015.cpp(140,11): warning C4244: '=': conversion from 'double' to 'float', possible loss of data
C:\Users\Alex zis Sandu\Desktop\Pereanu - PROIECT PG\Forest PG\OpenGL_4_Application_VS2015\OpenGL_4_Application_VS2015.cpp(141,11): warning C4244: '=': conversion from 'double' to 'float', possible loss of data
C:\Users\Alex zis Sandu\Desktop\Pereanu - PROIECT PG\Forest PG\OpenGL_4_Application_VS2015\OpenGL_4_Application_VS2015.cpp(145,16): warning C4244: 'initializing': conversion from 'double' to 'float', possible loss of data
C:\Users\Alex zis Sandu\Desktop\Pereanu - PROIECT PG\Forest PG\OpenGL_4_Application_VS2015\OpenGL_4_Application_VS2015.cpp(146,16): warning C4244: 'initializing': conversion from 'double' to 'float', possible loss of data
C:\Users\Alex zis Sandu\Desktop\Pereanu - PROIECT PG\Forest PG\OpenGL_4_Application_VS2015\OpenGL_4_Application_VS2015.cpp(147,10): warning C4244: '=': conversion from 'double' to 'float', possible loss of data
C:\Users\Alex zis Sandu\Desktop\Pereanu - PROIECT PG\Forest PG\OpenGL_4_Application_VS2015\OpenGL_4_Application_VS2015.cpp(148,10): warning C4244: '=': conversion from 'double' to 'float', possible loss of data
C:\Users\Alex zis Sandu\Desktop\Pereanu - PROIECT PG\Forest PG\OpenGL_4_Application_VS2015\OpenGL_4_Application_VS2015.cpp(150,26): warning C4305: 'initializing': truncation from 'double' to 'float'
C:\Users\Alex zis Sandu\Desktop\Pereanu - PROIECT PG\Forest PG\OpenGL_4_Application_VS2015\OpenGL_4_Application_VS2015.cpp(398,41): warning C4305: 'argument': truncation from 'double' to 'T'
C:\Users\Alex zis Sandu\Desktop\Pereanu - PROIECT PG\Forest PG\OpenGL_4_Application_VS2015\OpenGL_4_Application_VS2015.cpp(398,41): warning C4305:         with
C:\Users\Alex zis Sandu\Desktop\Pereanu - PROIECT PG\Forest PG\OpenGL_4_Application_VS2015\OpenGL_4_Application_VS2015.cpp(398,41): warning C4305:         [
C:\Users\Alex zis Sandu\Desktop\Pereanu - PROIECT PG\Forest PG\OpenGL_4_Application_VS2015\OpenGL_4_Application_VS2015.cpp(398,41): warning C4305:             T=float
C:\Users\Alex zis Sandu\Desktop\Pereanu - PROIECT PG\Forest PG\OpenGL_4_Application_VS2015\OpenGL_4_Application_VS2015.cpp(398,41): warning C4305:         ]
C:\Users\Alex zis Sandu\Desktop\Pereanu - PROIECT PG\Forest PG\OpenGL_4_Application_VS2015\OpenGL_4_Application_VS2015.cpp(407,41): warning C4305: 'argument': truncation from 'double' to 'T'
C:\Users\Alex zis Sandu\Desktop\Pereanu - PROIECT PG\Forest PG\OpenGL_4_Application_VS2015\OpenGL_4_Application_VS2015.cpp(407,41): warning C4305:         with
C:\Users\Alex zis Sandu\Desktop\Pereanu - PROIECT PG\Forest PG\OpenGL_4_Application_VS2015\OpenGL_4_Application_VS2015.cpp(407,41): warning C4305:         [
C:\Users\Alex zis Sandu\Desktop\Pereanu - PROIECT PG\Forest PG\OpenGL_4_Application_VS2015\OpenGL_4_Application_VS2015.cpp(407,41): warning C4305:             T=float
C:\Users\Alex zis Sandu\Desktop\Pereanu - PROIECT PG\Forest PG\OpenGL_4_Application_VS2015\OpenGL_4_Application_VS2015.cpp(407,41): warning C4305:         ]
C:\Users\Alex zis Sandu\Desktop\Pereanu - PROIECT PG\Forest PG\OpenGL_4_Application_VS2015\OpenGL_4_Application_VS2015.cpp(439,41): warning C4305: 'argument': truncation from 'double' to 'T'
C:\Users\Alex zis Sandu\Desktop\Pereanu - PROIECT PG\Forest PG\OpenGL_4_Application_VS2015\OpenGL_4_Application_VS2015.cpp(439,41): warning C4305:         with
C:\Users\Alex zis Sandu\Desktop\Pereanu - PROIECT PG\Forest PG\OpenGL_4_Application_VS2015\OpenGL_4_Application_VS2015.cpp(439,41): warning C4305:         [
C:\Users\Alex zis Sandu\Desktop\Pereanu - PROIECT PG\Forest PG\OpenGL_4_Application_VS2015\OpenGL_4_Application_VS2015.cpp(439,41): warning C4305:             T=float
C:\Users\Alex zis Sandu\Desktop\Pereanu - PROIECT PG\Forest PG\OpenGL_4_Application_VS2015\OpenGL_4_Application_VS2015.cpp(439,41): warning C4305:         ]
C:\Users\Alex zis Sandu\Desktop\Pereanu - PROIECT PG\Forest PG\OpenGL_4_Application_VS2015\OpenGL_4_Application_VS2015.cpp(449,42): warning C4305: 'argument': truncation from 'double' to 'T'
C:\Users\Alex zis Sandu\Desktop\Pereanu - PROIECT PG\Forest PG\OpenGL_4_Application_VS2015\OpenGL_4_Application_VS2015.cpp(449,42): warning C4305:         with
C:\Users\Alex zis Sandu\Desktop\Pereanu - PROIECT PG\Forest PG\OpenGL_4_Application_VS2015\OpenGL_4_Application_VS2015.cpp(449,42): warning C4305:         [
C:\Users\Alex zis Sandu\Desktop\Pereanu - PROIECT PG\Forest PG\OpenGL_4_Application_VS2015\OpenGL_4_Application_VS2015.cpp(449,42): warning C4305:             T=float
C:\Users\Alex zis Sandu\Desktop\Pereanu - PROIECT PG\Forest PG\OpenGL_4_Application_VS2015\OpenGL_4_Application_VS2015.cpp(449,42): warning C4305:         ]
C:\Users\Alex zis Sandu\Desktop\Pereanu - PROIECT PG\Forest PG\OpenGL_4_Application_VS2015\OpenGL_4_Application_VS2015.cpp(458,42): warning C4305: 'argument': truncation from 'double' to 'T'
C:\Users\Alex zis Sandu\Desktop\Pereanu - PROIECT PG\Forest PG\OpenGL_4_Application_VS2015\OpenGL_4_Application_VS2015.cpp(458,42): warning C4305:         with
C:\Users\Alex zis Sandu\Desktop\Pereanu - PROIECT PG\Forest PG\OpenGL_4_Application_VS2015\OpenGL_4_Application_VS2015.cpp(458,42): warning C4305:         [
C:\Users\Alex zis Sandu\Desktop\Pereanu - PROIECT PG\Forest PG\OpenGL_4_Application_VS2015\OpenGL_4_Application_VS2015.cpp(458,42): warning C4305:             T=float
C:\Users\Alex zis Sandu\Desktop\Pereanu - PROIECT PG\Forest PG\OpenGL_4_Application_VS2015\OpenGL_4_Application_VS2015.cpp(458,42): warning C4305:         ]
C:\Users\Alex zis Sandu\Desktop\Pereanu - PROIECT PG\Forest PG\OpenGL_4_Application_VS2015\OpenGL_4_Application_VS2015.cpp(467,41): warning C4305: 'argument': truncation from 'double' to 'T'
C:\Users\Alex zis Sandu\Desktop\Pereanu - PROIECT PG\Forest PG\OpenGL_4_Application_VS2015\OpenGL_4_Application_VS2015.cpp(467,41): warning C4305:         with
C:\Users\Alex zis Sandu\Desktop\Pereanu - PROIECT PG\Forest PG\OpenGL_4_Application_VS2015\OpenGL_4_Application_VS2015.cpp(467,41): warning C4305:         [
C:\Users\Alex zis Sandu\Desktop\Pereanu - PROIECT PG\Forest PG\OpenGL_4_Application_VS2015\OpenGL_4_Application_VS2015.cpp(467,41): warning C4305:             T=float
C:\Users\Alex zis Sandu\Desktop\Pereanu - PROIECT PG\Forest PG\OpenGL_4_Application_VS2015\OpenGL_4_Application_VS2015.cpp(467,41): warning C4305:         ]
C:\Users\Alex zis Sandu\Desktop\Pereanu - PROIECT PG\Forest PG\OpenGL_4_Application_VS2015\OpenGL_4_Application_VS2015.cpp(476,42): warning C4305: 'argument': truncation from 'double' to 'T'
C:\Users\Alex zis Sandu\Desktop\Pereanu - PROIECT PG\Forest PG\OpenGL_4_Application_VS2015\OpenGL_4_Application_VS2015.cpp(476,42): warning C4305:         with
C:\Users\Alex zis Sandu\Desktop\Pereanu - PROIECT PG\Forest PG\OpenGL_4_Application_VS2015\OpenGL_4_Application_VS2015.cpp(476,42): warning C4305:         [
C:\Users\Alex zis Sandu\Desktop\Pereanu - PROIECT PG\Forest PG\OpenGL_4_Application_VS2015\OpenGL_4_Application_VS2015.cpp(476,42): warning C4305:             T=float
C:\Users\Alex zis Sandu\Desktop\Pereanu - PROIECT PG\Forest PG\OpenGL_4_Application_VS2015\OpenGL_4_Application_VS2015.cpp(476,42): warning C4305:         ]
C:\Users\Alex zis Sandu\Desktop\Pereanu - PROIECT PG\Forest PG\OpenGL_4_Application_VS2015\OpenGL_4_Application_VS2015.cpp(485,42): warning C4305: 'argument': truncation from 'double' to 'T'
C:\Users\Alex zis Sandu\Desktop\Pereanu - PROIECT PG\Forest PG\OpenGL_4_Application_VS2015\OpenGL_4_Application_VS2015.cpp(485,42): warning C4305:         with
C:\Users\Alex zis Sandu\Desktop\Pereanu - PROIECT PG\Forest PG\OpenGL_4_Application_VS2015\OpenGL_4_Application_VS2015.cpp(485,42): warning C4305:         [
C:\Users\Alex zis Sandu\Desktop\Pereanu - PROIECT PG\Forest PG\OpenGL_4_Application_VS2015\OpenGL_4_Application_VS2015.cpp(485,42): warning C4305:             T=float
C:\Users\Alex zis Sandu\Desktop\Pereanu - PROIECT PG\Forest PG\OpenGL_4_Application_VS2015\OpenGL_4_Application_VS2015.cpp(485,42): warning C4305:         ]
C:\Users\Alex zis Sandu\Desktop\Pereanu - PROIECT PG\Forest PG\OpenGL_4_Application_VS2015\OpenGL_4_Application_VS2015.cpp(493,42): warning C4305: 'argument': truncation from 'double' to 'T'
C:\Users\Alex zis Sandu\Desktop\Pereanu - PROIECT PG\Forest PG\OpenGL_4_Application_VS2015\OpenGL_4_Application_VS2015.cpp(493,42): warning C4305:         with
C:\Users\Alex zis Sandu\Desktop\Pereanu - PROIECT PG\Forest PG\OpenGL_4_Application_VS2015\OpenGL_4_Application_VS2015.cpp(493,42): warning C4305:         [
C:\Users\Alex zis Sandu\Desktop\Pereanu - PROIECT PG\Forest PG\OpenGL_4_Application_VS2015\OpenGL_4_Application_VS2015.cpp(493,42): warning C4305:             T=float
C:\Users\Alex zis Sandu\Desktop\Pereanu - PROIECT PG\Forest PG\OpenGL_4_Application_VS2015\OpenGL_4_Application_VS2015.cpp(493,42): warning C4305:         ]
C:\Users\Alex zis Sandu\Desktop\Pereanu - PROIECT PG\Forest PG\OpenGL_4_Application_VS2015\OpenGL_4_Application_VS2015.cpp(501,42): warning C4305: 'argument': truncation from 'double' to 'T'
C:\Users\Alex zis Sandu\Desktop\Pereanu - PROIECT PG\Forest PG\OpenGL_4_Application_VS2015\OpenGL_4_Application_VS2015.cpp(501,42): warning C4305:         with
C:\Users\Alex zis Sandu\Desktop\Pereanu - PROIECT PG\Forest PG\OpenGL_4_Application_VS2015\OpenGL_4_Application_VS2015.cpp(501,42): warning C4305:         [
C:\Users\Alex zis Sandu\Desktop\Pereanu - PROIECT PG\Forest PG\OpenGL_4_Application_VS2015\OpenGL_4_Application_VS2015.cpp(501,42): warning C4305:             T=float
C:\Users\Alex zis Sandu\Desktop\Pereanu - PROIECT PG\Forest PG\OpenGL_4_Application_VS2015\OpenGL_4_Application_VS2015.cpp(501,42): warning C4305:         ]
C:\Users\Alex zis Sandu\Desktop\Pereanu - PROIECT PG\Forest PG\OpenGL_4_Application_VS2015\OpenGL_4_Application_VS2015.cpp(509,42): warning C4305: 'argument': truncation from 'double' to 'T'
C:\Users\Alex zis Sandu\Desktop\Pereanu - PROIECT PG\Forest PG\OpenGL_4_Application_VS2015\OpenGL_4_Application_VS2015.cpp(509,42): warning C4305:         with
C:\Users\Alex zis Sandu\Desktop\Pereanu - PROIECT PG\Forest PG\OpenGL_4_Application_VS2015\OpenGL_4_Application_VS2015.cpp(509,42): warning C4305:         [
C:\Users\Alex zis Sandu\Desktop\Pereanu - PROIECT PG\Forest PG\OpenGL_4_Application_VS2015\OpenGL_4_Application_VS2015.cpp(509,42): warning C4305:             T=float
C:\Users\Alex zis Sandu\Desktop\Pereanu - PROIECT PG\Forest PG\OpenGL_4_Application_VS2015\OpenGL_4_Application_VS2015.cpp(509,42): warning C4305:         ]
C:\Users\Alex zis Sandu\Desktop\Pereanu - PROIECT PG\Forest PG\OpenGL_4_Application_VS2015\OpenGL_4_Application_VS2015.cpp(517,42): warning C4305: 'argument': truncation from 'double' to 'T'
C:\Users\Alex zis Sandu\Desktop\Pereanu - PROIECT PG\Forest PG\OpenGL_4_Application_VS2015\OpenGL_4_Application_VS2015.cpp(517,42): warning C4305:         with
C:\Users\Alex zis Sandu\Desktop\Pereanu - PROIECT PG\Forest PG\OpenGL_4_Application_VS2015\OpenGL_4_Application_VS2015.cpp(517,42): warning C4305:         [
C:\Users\Alex zis Sandu\Desktop\Pereanu - PROIECT PG\Forest PG\OpenGL_4_Application_VS2015\OpenGL_4_Application_VS2015.cpp(517,42): warning C4305:             T=float
C:\Users\Alex zis Sandu\Desktop\Pereanu - PROIECT PG\Forest PG\OpenGL_4_Application_VS2015\OpenGL_4_Application_VS2015.cpp(517,42): warning C4305:         ]
C:\Users\Alex zis Sandu\Desktop\Pereanu - PROIECT PG\Forest PG\OpenGL_4_Application_VS2015\OpenGL_4_Application_VS2015.cpp(526,42): warning C4305: 'argument': truncation from 'double' to 'T'
C:\Users\Alex zis Sandu\Desktop\Pereanu - PROIECT PG\Forest PG\OpenGL_4_Application_VS2015\OpenGL_4_Application_VS2015.cpp(526,42): warning C4305:         with
C:\Users\Alex zis Sandu\Desktop\Pereanu - PROIECT PG\Forest PG\OpenGL_4_Application_VS2015\OpenGL_4_Application_VS2015.cpp(526,42): warning C4305:         [
C:\Users\Alex zis Sandu\Desktop\Pereanu - PROIECT PG\Forest PG\OpenGL_4_Application_VS2015\OpenGL_4_Application_VS2015.cpp(526,42): warning C4305:             T=float
C:\Users\Alex zis Sandu\Desktop\Pereanu - PROIECT PG\Forest PG\OpenGL_4_Application_VS2015\OpenGL_4_Application_VS2015.cpp(526,42): warning C4305:         ]
C:\Users\Alex zis Sandu\Desktop\Pereanu - PROIECT PG\Forest PG\OpenGL_4_Application_VS2015\OpenGL_4_Application_VS2015.cpp(535,43): warning C4305: 'argument': truncation from 'double' to 'T'
C:\Users\Alex zis Sandu\Desktop\Pereanu - PROIECT PG\Forest PG\OpenGL_4_Application_VS2015\OpenGL_4_Application_VS2015.cpp(535,43): warning C4305:         with
C:\Users\Alex zis Sandu\Desktop\Pereanu - PROIECT PG\Forest PG\OpenGL_4_Application_VS2015\OpenGL_4_Application_VS2015.cpp(535,43): warning C4305:         [
C:\Users\Alex zis Sandu\Desktop\Pereanu - PROIECT PG\Forest PG\OpenGL_4_Application_VS2015\OpenGL_4_Application_VS2015.cpp(535,43): warning C4305:             T=float
C:\Users\Alex zis Sandu\Desktop\Pereanu - PROIECT PG\Forest PG\OpenGL_4_Application_VS2015\OpenGL_4_Application_VS2015.cpp(535,43): warning C4305:         ]
C:\Users\Alex zis Sandu\Desktop\Pereanu - PROIECT PG\Forest PG\OpenGL_4_Application_VS2015\OpenGL_4_Application_VS2015.cpp(570,41): warning C4305: 'argument': truncation from 'double' to 'T'
C:\Users\Alex zis Sandu\Desktop\Pereanu - PROIECT PG\Forest PG\OpenGL_4_Application_VS2015\OpenGL_4_Application_VS2015.cpp(570,41): warning C4305:         with
C:\Users\Alex zis Sandu\Desktop\Pereanu - PROIECT PG\Forest PG\OpenGL_4_Application_VS2015\OpenGL_4_Application_VS2015.cpp(570,41): warning C4305:         [
C:\Users\Alex zis Sandu\Desktop\Pereanu - PROIECT PG\Forest PG\OpenGL_4_Application_VS2015\OpenGL_4_Application_VS2015.cpp(570,41): warning C4305:             T=float
C:\Users\Alex zis Sandu\Desktop\Pereanu - PROIECT PG\Forest PG\OpenGL_4_Application_VS2015\OpenGL_4_Application_VS2015.cpp(570,41): warning C4305:         ]
C:\Users\Alex zis Sandu\Desktop\Pereanu - PROIECT PG\Forest PG\OpenGL_4_Application_VS2015\OpenGL_4_Application_VS2015.cpp(596,42): warning C4305: 'argument': truncation from 'double' to 'T'
C:\Users\Alex zis Sandu\Desktop\Pereanu - PROIECT PG\Forest PG\OpenGL_4_Application_VS2015\OpenGL_4_Application_VS2015.cpp(596,42): warning C4305:         with
C:\Users\Alex zis Sandu\Desktop\Pereanu - PROIECT PG\Forest PG\OpenGL_4_Application_VS2015\OpenGL_4_Application_VS2015.cpp(596,42): warning C4305:         [
C:\Users\Alex zis Sandu\Desktop\Pereanu - PROIECT PG\Forest PG\OpenGL_4_Application_VS2015\OpenGL_4_Application_VS2015.cpp(596,42): warning C4305:             T=float
C:\Users\Alex zis Sandu\Desktop\Pereanu - PROIECT PG\Forest PG\OpenGL_4_Application_VS2015\OpenGL_4_Application_VS2015.cpp(596,42): warning C4305:         ]
C:\Users\Alex zis Sandu\Desktop\Pereanu - PROIECT PG\Forest PG\OpenGL_4_Application_VS2015\OpenGL_4_Application_VS2015.cpp(607,42): warning C4305: 'argument': truncation from 'double' to 'T'
C:\Users\Alex zis Sandu\Desktop\Pereanu - PROIECT PG\Forest PG\OpenGL_4_Application_VS2015\OpenGL_4_Application_VS2015.cpp(607,42): warning C4305:         with
C:\Users\Alex zis Sandu\Desktop\Pereanu - PROIECT PG\Forest PG\OpenGL_4_Application_VS2015\OpenGL_4_Application_VS2015.cpp(607,42): warning C4305:         [
C:\Users\Alex zis Sandu\Desktop\Pereanu - PROIECT PG\Forest PG\OpenGL_4_Application_VS2015\OpenGL_4_Application_VS2015.cpp(607,42): warning C4305:             T=float
C:\Users\Alex zis Sandu\Desktop\Pereanu - PROIECT PG\Forest PG\OpenGL_4_Application_VS2015\OpenGL_4_Application_VS2015.cpp(607,42): warning C4305:         ]
C:\Users\Alex zis Sandu\Desktop\Pereanu - PROIECT PG\Forest PG\OpenGL_4_Application_VS2015\OpenGL_4_Application_VS2015.cpp(616,42): warning C4305: 'argument': truncation from 'double' to 'T'
C:\Users\Alex zis Sandu\Desktop\Pereanu - PROIECT PG\Forest PG\OpenGL_4_Application_VS2015\OpenGL_4_Application_VS2015.cpp(616,42): warning C4305:         with
C:\Users\Alex zis Sandu\Desktop\Pereanu - PROIECT PG\Forest PG\OpenGL_4_Application_VS2015\OpenGL_4_Application_VS2015.cpp(616,42): warning C4305:         [
C:\Users\Alex zis Sandu\Desktop\Pereanu - PROIECT PG\Forest PG\OpenGL_4_Application_VS2015\OpenGL_4_Application_VS2015.cpp(616,42): warning C4305:             T=float
C:\Users\Alex zis Sandu\Desktop\Pereanu - PROIECT PG\Forest PG\OpenGL_4_Application_VS2015\OpenGL_4_Application_VS2015.cpp(616,42): warning C4305:         ]
C:\Users\Alex zis Sandu\Desktop\Pereanu - PROIECT PG\Forest PG\OpenGL_4_Application_VS2015\OpenGL_4_Application_VS2015.cpp(625,42): warning C4305: 'argument': truncation from 'double' to 'T'
C:\Users\Alex zis Sandu\Desktop\Pereanu - PROIECT PG\Forest PG\OpenGL_4_Application_VS2015\OpenGL_4_Application_VS2015.cpp(625,42): warning C4305:         with
C:\Users\Alex zis Sandu\Desktop\Pereanu - PROIECT PG\Forest PG\OpenGL_4_Application_VS2015\OpenGL_4_Application_VS2015.cpp(625,42): warning C4305:         [
C:\Users\Alex zis Sandu\Desktop\Pereanu - PROIECT PG\Forest PG\OpenGL_4_Application_VS2015\OpenGL_4_Application_VS2015.cpp(625,42): warning C4305:             T=float
C:\Users\Alex zis Sandu\Desktop\Pereanu - PROIECT PG\Forest PG\OpenGL_4_Application_VS2015\OpenGL_4_Application_VS2015.cpp(625,42): warning C4305:         ]
C:\Users\Alex zis Sandu\Desktop\Pereanu - PROIECT PG\Forest PG\OpenGL_4_Application_VS2015\OpenGL_4_Application_VS2015.cpp(633,42): warning C4305: 'argument': truncation from 'double' to 'T'
C:\Users\Alex zis Sandu\Desktop\Pereanu - PROIECT PG\Forest PG\OpenGL_4_Application_VS2015\OpenGL_4_Application_VS2015.cpp(633,42): warning C4305:         with
C:\Users\Alex zis Sandu\Desktop\Pereanu - PROIECT PG\Forest PG\OpenGL_4_Application_VS2015\OpenGL_4_Application_VS2015.cpp(633,42): warning C4305:         [
C:\Users\Alex zis Sandu\Desktop\Pereanu - PROIECT PG\Forest PG\OpenGL_4_Application_VS2015\OpenGL_4_Application_VS2015.cpp(633,42): warning C4305:             T=float
C:\Users\Alex zis Sandu\Desktop\Pereanu - PROIECT PG\Forest PG\OpenGL_4_Application_VS2015\OpenGL_4_Application_VS2015.cpp(633,42): warning C4305:         ]
C:\Users\Alex zis Sandu\Desktop\Pereanu - PROIECT PG\Forest PG\OpenGL_4_Application_VS2015\OpenGL_4_Application_VS2015.cpp(641,42): warning C4305: 'argument': truncation from 'double' to 'T'
C:\Users\Alex zis Sandu\Desktop\Pereanu - PROIECT PG\Forest PG\OpenGL_4_Application_VS2015\OpenGL_4_Application_VS2015.cpp(641,42): warning C4305:         with
C:\Users\Alex zis Sandu\Desktop\Pereanu - PROIECT PG\Forest PG\OpenGL_4_Application_VS2015\OpenGL_4_Application_VS2015.cpp(641,42): warning C4305:         [
C:\Users\Alex zis Sandu\Desktop\Pereanu - PROIECT PG\Forest PG\OpenGL_4_Application_VS2015\OpenGL_4_Application_VS2015.cpp(641,42): warning C4305:             T=float
C:\Users\Alex zis Sandu\Desktop\Pereanu - PROIECT PG\Forest PG\OpenGL_4_Application_VS2015\OpenGL_4_Application_VS2015.cpp(641,42): warning C4305:         ]
C:\Users\Alex zis Sandu\Desktop\Pereanu - PROIECT PG\Forest PG\OpenGL_4_Application_VS2015\OpenGL_4_Application_VS2015.cpp(649,42): warning C4305: 'argument': truncation from 'double' to 'T'
C:\Users\Alex zis Sandu\Desktop\Pereanu - PROIECT PG\Forest PG\OpenGL_4_Application_VS2015\OpenGL_4_Application_VS2015.cpp(649,42): warning C4305:         with
C:\Users\Alex zis Sandu\Desktop\Pereanu - PROIECT PG\Forest PG\OpenGL_4_Application_VS2015\OpenGL_4_Application_VS2015.cpp(649,42): warning C4305:         [
C:\Users\Alex zis Sandu\Desktop\Pereanu - PROIECT PG\Forest PG\OpenGL_4_Application_VS2015\OpenGL_4_Application_VS2015.cpp(649,42): warning C4305:             T=float
C:\Users\Alex zis Sandu\Desktop\Pereanu - PROIECT PG\Forest PG\OpenGL_4_Application_VS2015\OpenGL_4_Application_VS2015.cpp(649,42): warning C4305:         ]
C:\Users\Alex zis Sandu\Desktop\Pereanu - PROIECT PG\Forest PG\OpenGL_4_Application_VS2015\OpenGL_4_Application_VS2015.cpp(657,42): warning C4305: 'argument': truncation from 'double' to 'T'
C:\Users\Alex zis Sandu\Desktop\Pereanu - PROIECT PG\Forest PG\OpenGL_4_Application_VS2015\OpenGL_4_Application_VS2015.cpp(657,42): warning C4305:         with
C:\Users\Alex zis Sandu\Desktop\Pereanu - PROIECT PG\Forest PG\OpenGL_4_Application_VS2015\OpenGL_4_Application_VS2015.cpp(657,42): warning C4305:         [
C:\Users\Alex zis Sandu\Desktop\Pereanu - PROIECT PG\Forest PG\OpenGL_4_Application_VS2015\OpenGL_4_Application_VS2015.cpp(657,42): warning C4305:             T=float
C:\Users\Alex zis Sandu\Desktop\Pereanu - PROIECT PG\Forest PG\OpenGL_4_Application_VS2015\OpenGL_4_Application_VS2015.cpp(657,42): warning C4305:         ]
C:\Users\Alex zis Sandu\Desktop\Pereanu - PROIECT PG\Forest PG\OpenGL_4_Application_VS2015\OpenGL_4_Application_VS2015.cpp(666,43): warning C4305: 'argument': truncation from 'double' to 'T'
C:\Users\Alex zis Sandu\Desktop\Pereanu - PROIECT PG\Forest PG\OpenGL_4_Application_VS2015\OpenGL_4_Application_VS2015.cpp(666,43): warning C4305:         with
C:\Users\Alex zis Sandu\Desktop\Pereanu - PROIECT PG\Forest PG\OpenGL_4_Application_VS2015\OpenGL_4_Application_VS2015.cpp(666,43): warning C4305:         [
C:\Users\Alex zis Sandu\Desktop\Pereanu - PROIECT PG\Forest PG\OpenGL_4_Application_VS2015\OpenGL_4_Application_VS2015.cpp(666,43): warning C4305:             T=float
C:\Users\Alex zis Sandu\Desktop\Pereanu - PROIECT PG\Forest PG\OpenGL_4_Application_VS2015\OpenGL_4_Application_VS2015.cpp(666,43): warning C4305:         ]
C:\Users\Alex zis Sandu\Desktop\Pereanu - PROIECT PG\Forest PG\OpenGL_4_Application_VS2015\OpenGL_4_Application_VS2015.cpp(675,41): warning C4305: 'argument': truncation from 'double' to 'T'
C:\Users\Alex zis Sandu\Desktop\Pereanu - PROIECT PG\Forest PG\OpenGL_4_Application_VS2015\OpenGL_4_Application_VS2015.cpp(675,41): warning C4305:         with
C:\Users\Alex zis Sandu\Desktop\Pereanu - PROIECT PG\Forest PG\OpenGL_4_Application_VS2015\OpenGL_4_Application_VS2015.cpp(675,41): warning C4305:         [
C:\Users\Alex zis Sandu\Desktop\Pereanu - PROIECT PG\Forest PG\OpenGL_4_Application_VS2015\OpenGL_4_Application_VS2015.cpp(675,41): warning C4305:             T=float
C:\Users\Alex zis Sandu\Desktop\Pereanu - PROIECT PG\Forest PG\OpenGL_4_Application_VS2015\OpenGL_4_Application_VS2015.cpp(675,41): warning C4305:         ]
C:\Users\Alex zis Sandu\Desktop\Pereanu - PROIECT PG\Forest PG\OpenGL_4_Application_VS2015\OpenGL_4_Application_VS2015.cpp(685,41): warning C4305: 'argument': truncation from 'double' to 'T'
C:\Users\Alex zis Sandu\Desktop\Pereanu - PROIECT PG\Forest PG\OpenGL_4_Application_VS2015\OpenGL_4_Application_VS2015.cpp(685,41): warning C4305:         with
C:\Users\Alex zis Sandu\Desktop\Pereanu - PROIECT PG\Forest PG\OpenGL_4_Application_VS2015\OpenGL_4_Application_VS2015.cpp(685,41): warning C4305:         [
C:\Users\Alex zis Sandu\Desktop\Pereanu - PROIECT PG\Forest PG\OpenGL_4_Application_VS2015\OpenGL_4_Application_VS2015.cpp(685,41): warning C4305:             T=float
C:\Users\Alex zis Sandu\Desktop\Pereanu - PROIECT PG\Forest PG\OpenGL_4_Application_VS2015\OpenGL_4_Application_VS2015.cpp(685,41): warning C4305:         ]
C:\Users\Alex zis Sandu\Desktop\Pereanu - PROIECT PG\Forest PG\OpenGL_4_Application_VS2015\OpenGL_4_Application_VS2015.cpp(694,41): warning C4305: 'argument': truncation from 'double' to 'T'
C:\Users\Alex zis Sandu\Desktop\Pereanu - PROIECT PG\Forest PG\OpenGL_4_Application_VS2015\OpenGL_4_Application_VS2015.cpp(694,41): warning C4305:         with
C:\Users\Alex zis Sandu\Desktop\Pereanu - PROIECT PG\Forest PG\OpenGL_4_Application_VS2015\OpenGL_4_Application_VS2015.cpp(694,41): warning C4305:         [
C:\Users\Alex zis Sandu\Desktop\Pereanu - PROIECT PG\Forest PG\OpenGL_4_Application_VS2015\OpenGL_4_Application_VS2015.cpp(694,41): warning C4305:             T=float
C:\Users\Alex zis Sandu\Desktop\Pereanu - PROIECT PG\Forest PG\OpenGL_4_Application_VS2015\OpenGL_4_Application_VS2015.cpp(694,41): warning C4305:         ]
C:\Users\Alex zis Sandu\Desktop\Pereanu - PROIECT PG\Forest PG\OpenGL_4_Application_VS2015\OpenGL_4_Application_VS2015.cpp(703,41): warning C4305: 'argument': truncation from 'double' to 'T'
C:\Users\Alex zis Sandu\Desktop\Pereanu - PROIECT PG\Forest PG\OpenGL_4_Application_VS2015\OpenGL_4_Application_VS2015.cpp(703,41): warning C4305:         with
C:\Users\Alex zis Sandu\Desktop\Pereanu - PROIECT PG\Forest PG\OpenGL_4_Application_VS2015\OpenGL_4_Application_VS2015.cpp(703,41): warning C4305:         [
C:\Users\Alex zis Sandu\Desktop\Pereanu - PROIECT PG\Forest PG\OpenGL_4_Application_VS2015\OpenGL_4_Application_VS2015.cpp(703,41): warning C4305:             T=float
C:\Users\Alex zis Sandu\Desktop\Pereanu - PROIECT PG\Forest PG\OpenGL_4_Application_VS2015\OpenGL_4_Application_VS2015.cpp(703,41): warning C4305:         ]
C:\Users\Alex zis Sandu\Desktop\Pereanu - PROIECT PG\Forest PG\OpenGL_4_Application_VS2015\OpenGL_4_Application_VS2015.cpp(712,42): warning C4305: 'argument': truncation from 'double' to 'T'
C:\Users\Alex zis Sandu\Desktop\Pereanu - PROIECT PG\Forest PG\OpenGL_4_Application_VS2015\OpenGL_4_Application_VS2015.cpp(712,42): warning C4305:         with
C:\Users\Alex zis Sandu\Desktop\Pereanu - PROIECT PG\Forest PG\OpenGL_4_Application_VS2015\OpenGL_4_Application_VS2015.cpp(712,42): warning C4305:         [
C:\Users\Alex zis Sandu\Desktop\Pereanu - PROIECT PG\Forest PG\OpenGL_4_Application_VS2015\OpenGL_4_Application_VS2015.cpp(712,42): warning C4305:             T=float
C:\Users\Alex zis Sandu\Desktop\Pereanu - PROIECT PG\Forest PG\OpenGL_4_Application_VS2015\OpenGL_4_Application_VS2015.cpp(712,42): warning C4305:         ]
C:\Users\Alex zis Sandu\Desktop\Pereanu - PROIECT PG\Forest PG\OpenGL_4_Application_VS2015\OpenGL_4_Application_VS2015.cpp(721,42): warning C4305: 'argument': truncation from 'double' to 'T'
C:\Users\Alex zis Sandu\Desktop\Pereanu - PROIECT PG\Forest PG\OpenGL_4_Application_VS2015\OpenGL_4_Application_VS2015.cpp(721,42): warning C4305:         with
C:\Users\Alex zis Sandu\Desktop\Pereanu - PROIECT PG\Forest PG\OpenGL_4_Application_VS2015\OpenGL_4_Application_VS2015.cpp(721,42): warning C4305:         [
C:\Users\Alex zis Sandu\Desktop\Pereanu - PROIECT PG\Forest PG\OpenGL_4_Application_VS2015\OpenGL_4_Application_VS2015.cpp(721,42): warning C4305:             T=float
C:\Users\Alex zis Sandu\Desktop\Pereanu - PROIECT PG\Forest PG\OpenGL_4_Application_VS2015\OpenGL_4_Application_VS2015.cpp(721,42): warning C4305:         ]
LINK : warning LNK4098: defaultlib 'LIBCMT' conflicts with use of other libs; use /NODEFAULTLIB:library
  Generating code
  3 of 1720 functions ( 0.2%) were compiled, the rest were copied from previous compilation.
    0 functions were new in current compilation
    7 functions had inline decision re-evaluated but remain unchanged
  Finished generating code
LINK : warning LNK4286: symbol '___glewGenBuffers' defined in 'glew32s.lib(glew.obj)' is imported by 'Mesh.obj'
LINK : warning LNK4286: symbol '___glewGenVertexArrays' defined in 'glew32s.lib(glew.obj)' is imported by 'Mesh.obj'
LINK : warning LNK4286: symbol '___glewActiveTexture' defined in 'glew32s.lib(glew.obj)' is imported by 'Mesh.obj'
LINK : warning LNK4286: symbol '___glewBufferData' defined in 'glew32s.lib(glew.obj)' is imported by 'Mesh.obj'
LINK : warning LNK4286: symbol '___glewGetUniformLocation' defined in 'glew32s.lib(glew.obj)' is imported by 'Mesh.obj'
LINK : warning LNK4286: symbol '___glewUniform1i' defined in 'glew32s.lib(glew.obj)' is imported by 'Mesh.obj'
LINK : warning LNK4286: symbol '___glewBindBuffer' defined in 'glew32s.lib(glew.obj)' is imported by 'Mesh.obj'
LINK : warning LNK4286: symbol '___glewVertexAttribPointer' defined in 'glew32s.lib(glew.obj)' is imported by 'Mesh.obj'
LINK : warning LNK4286: symbol '___glewBindVertexArray' defined in 'glew32s.lib(glew.obj)' is imported by 'Mesh.obj'
LINK : warning LNK4286: symbol '___glewEnableVertexAttribArray' defined in 'glew32s.lib(glew.obj)' is imported by 'Mesh.obj'
LINK : warning LNK4286: symbol '___glewGenerateMipmap' defined in 'glew32s.lib(glew.obj)' is imported by 'Model3D.obj'
LINK : warning LNK4286: symbol '___glewLinkProgram' defined in 'glew32s.lib(glew.obj)' is imported by 'Shader.obj'
LINK : warning LNK4286: symbol '___glewDeleteShader' defined in 'glew32s.lib(glew.obj)' is imported by 'Shader.obj'
LINK : warning LNK4286: symbol '___glewGetProgramInfoLog' defined in 'glew32s.lib(glew.obj)' is imported by 'Shader.obj'
LINK : warning LNK4286: symbol '___glewShaderSource' defined in 'glew32s.lib(glew.obj)' is imported by 'Shader.obj'
LINK : warning LNK4286: symbol '___glewAttachShader' defined in 'glew32s.lib(glew.obj)' is imported by 'Shader.obj'
LINK : warning LNK4286: symbol '___glewGetProgramiv' defined in 'glew32s.lib(glew.obj)' is imported by 'Shader.obj'
LINK : warning LNK4286: symbol '___glewGetShaderInfoLog' defined in 'glew32s.lib(glew.obj)' is imported by 'Shader.obj'
LINK : warning LNK4286: symbol '___glewCreateProgram' defined in 'glew32s.lib(glew.obj)' is imported by 'Shader.obj'
LINK : warning LNK4286: symbol '___glewCreateShader' defined in 'glew32s.lib(glew.obj)' is imported by 'Shader.obj'
LINK : warning LNK4286: symbol '___glewCompileShader' defined in 'glew32s.lib(glew.obj)' is imported by 'Shader.obj'
LINK : warning LNK4286: symbol '___glewGetShaderiv' defined in 'glew32s.lib(glew.obj)' is imported by 'Shader.obj'
LINK : warning LNK4286: symbol '___glewUseProgram' defined in 'glew32s.lib(glew.obj)' is imported by 'Shader.obj'
LINK : warning LNK4286: symbol '___glewUniformMatrix4fv' defined in 'glew32s.lib(glew.obj)' is imported by 'SkyBox.obj'
glew32s.lib(glew.obj) : warning LNK4099: PDB 'vc120.pdb' was not found with 'glew32s.lib(glew.obj)' or at 'C:\Users\Alex zis Sandu\Desktop\Pereanu - PROIECT PG\Forest PG\Release\vc120.pdb'; linking object as if no debug info
  OpenGL_4_Application_VS2015.vcxproj -> C:\Users\Alex zis Sandu\Desktop\Pereanu - PROIECT PG\Forest PG\Release\OpenGL_4_Application_VS2015.exe
