d:\facultate\anul iii\semestrul 1\spg\laborator\l8\opengl_4_application_vs2015 (1)\opengl_4_application_vs2015\opengl_4_application_vs2015\release\opengl_4_application_vs2015.pch
d:\facultate\anul iii\semestrul 1\spg\laborator\l8\opengl_4_application_vs2015 (1)\opengl_4_application_vs2015\opengl_4_application_vs2015\release\vc141.pdb
d:\facultate\anul iii\semestrul 1\spg\laborator\l8\opengl_4_application_vs2015 (1)\opengl_4_application_vs2015\opengl_4_application_vs2015\release\stdafx.obj
d:\facultate\anul iii\semestrul 1\spg\laborator\l8\opengl_4_application_vs2015 (1)\opengl_4_application_vs2015\opengl_4_application_vs2015\release\shader.obj
d:\facultate\anul iii\semestrul 1\spg\laborator\l8\opengl_4_application_vs2015 (1)\opengl_4_application_vs2015\opengl_4_application_vs2015\release\opengl_4_application_vs2015.obj
d:\facultate\anul iii\semestrul 1\spg\laborator\l8\opengl_4_application_vs2015 (1)\opengl_4_application_vs2015\opengl_4_application_vs2015\release\model3d.obj
d:\facultate\anul iii\semestrul 1\spg\laborator\l8\opengl_4_application_vs2015 (1)\opengl_4_application_vs2015\opengl_4_application_vs2015\release\mesh.obj
d:\facultate\anul iii\semestrul 1\spg\laborator\l8\opengl_4_application_vs2015 (1)\opengl_4_application_vs2015\opengl_4_application_vs2015\release\camera.obj
d:\facultate\anul iii\semestrul 1\spg\laborator\l8\opengl_4_application_vs2015 (1)\opengl_4_application_vs2015\opengl_4_application_vs2015\release\stb_image.obj
d:\facultate\anul iii\semestrul 1\spg\laborator\l8\opengl_4_application_vs2015 (1)\opengl_4_application_vs2015\release\opengl_4_application_vs2015.exe
d:\facultate\anul iii\semestrul 1\spg\laborator\l8\opengl_4_application_vs2015 (1)\opengl_4_application_vs2015\release\opengl_4_application_vs2015.pdb
d:\facultate\anul iii\semestrul 1\spg\laborator\l8\opengl_4_application_vs2015 (1)\opengl_4_application_vs2015\release\opengl_4_application_vs2015.ipdb
d:\facultate\anul iii\semestrul 1\spg\laborator\l8\opengl_4_application_vs2015 (1)\opengl_4_application_vs2015\release\opengl_4_application_vs2015.iobj
d:\facultate\anul iii\semestrul 1\spg\laborator\l8\opengl_4_application_vs2015 (1)\opengl_4_application_vs2015\opengl_4_application_vs2015\release\opengl_4.59a67b95.tlog\cl.command.1.tlog
d:\facultate\anul iii\semestrul 1\spg\laborator\l8\opengl_4_application_vs2015 (1)\opengl_4_application_vs2015\opengl_4_application_vs2015\release\opengl_4.59a67b95.tlog\cl.read.1.tlog
d:\facultate\anul iii\semestrul 1\spg\laborator\l8\opengl_4_application_vs2015 (1)\opengl_4_application_vs2015\opengl_4_application_vs2015\release\opengl_4.59a67b95.tlog\cl.write.1.tlog
d:\facultate\anul iii\semestrul 1\spg\laborator\l8\opengl_4_application_vs2015 (1)\opengl_4_application_vs2015\opengl_4_application_vs2015\release\opengl_4.59a67b95.tlog\link.command.1.tlog
d:\facultate\anul iii\semestrul 1\spg\laborator\l8\opengl_4_application_vs2015 (1)\opengl_4_application_vs2015\opengl_4_application_vs2015\release\opengl_4.59a67b95.tlog\link.read.1.tlog
d:\facultate\anul iii\semestrul 1\spg\laborator\l8\opengl_4_application_vs2015 (1)\opengl_4_application_vs2015\opengl_4_application_vs2015\release\opengl_4.59a67b95.tlog\link.write.1.tlog
d:\facultate\anul iii\semestrul 1\spg\laborator\l8\opengl_4_application_vs2015 (1)\opengl_4_application_vs2015\opengl_4_application_vs2015\release\opengl_4.59a67b95.tlog\opengl_4_application_vs2015.write.1u.tlog
